
*** Running vivado
    with args -log test_env.vds -m64 -product Vivado -mode batch -messageDb vivado.pb -notrace -source test_env.tcl


****** Vivado v2018.3 (64-bit)
  **** SW Build 2405991 on Thu Dec  6 23:38:27 MST 2018
  **** IP Build 2404404 on Fri Dec  7 01:43:56 MST 2018
    ** Copyright 1986-2018 Xilinx, Inc. All Rights Reserved.

source test_env.tcl -notrace
Command: synth_design -top test_env -part xc7a35tcpg236-1
Starting synth_design
Attempting to get a license for feature 'Synthesis' and/or device 'xc7a35t'
INFO: [Common 17-349] Got license for feature 'Synthesis' and/or device 'xc7a35t'
INFO: Launching helper process for spawning children vivado processes
INFO: Helper process launched with PID 13252 
---------------------------------------------------------------------------------
Starting RTL Elaboration : Time (s): cpu = 00:00:02 ; elapsed = 00:00:03 . Memory (MB): peak = 362.445 ; gain = 99.582
---------------------------------------------------------------------------------
INFO: [Synth 8-638] synthesizing module 'test_env' [D:/30425/II/craciunas_victor/project_basys/project_basys.srcs/sources_1/new/test_env.vhd:18]
INFO: [Synth 8-3491] module 'mono_pulse_gener' declared at 'D:/30425/II/craciunas_victor/project_basys/project_basys.srcs/sources_1/new/mpg.vhd:6' bound to instance 'mpg' of component 'mono_pulse_gener' [D:/30425/II/craciunas_victor/project_basys/project_basys.srcs/sources_1/new/test_env.vhd:136]
INFO: [Synth 8-638] synthesizing module 'mono_pulse_gener' [D:/30425/II/craciunas_victor/project_basys/project_basys.srcs/sources_1/new/mpg.vhd:14]
INFO: [Synth 8-256] done synthesizing module 'mono_pulse_gener' (1#1) [D:/30425/II/craciunas_victor/project_basys/project_basys.srcs/sources_1/new/mpg.vhd:14]
INFO: [Synth 8-3491] module 'ssd' declared at 'D:/30425/II/craciunas_victor/project_basys/project_basys.srcs/sources_1/new/ssd.vhd:5' bound to instance 'ssdd' of component 'SSD' [D:/30425/II/craciunas_victor/project_basys/project_basys.srcs/sources_1/new/test_env.vhd:137]
INFO: [Synth 8-638] synthesizing module 'ssd' [D:/30425/II/craciunas_victor/project_basys/project_basys.srcs/sources_1/new/ssd.vhd:14]
INFO: [Synth 8-256] done synthesizing module 'ssd' (2#1) [D:/30425/II/craciunas_victor/project_basys/project_basys.srcs/sources_1/new/ssd.vhd:14]
INFO: [Synth 8-3491] module 'instruction_fetch' declared at 'D:/30425/II/craciunas_victor/project_basys/project_basys.srcs/sources_1/new/instruction_fetch.vhd:7' bound to instance 'fetch' of component 'instruction_fetch' [D:/30425/II/craciunas_victor/project_basys/project_basys.srcs/sources_1/new/test_env.vhd:138]
INFO: [Synth 8-638] synthesizing module 'instruction_fetch' [D:/30425/II/craciunas_victor/project_basys/project_basys.srcs/sources_1/new/instruction_fetch.vhd:14]
WARNING: [Synth 8-614] signal 'WE' is read in the process but is not in the sensitivity list [D:/30425/II/craciunas_victor/project_basys/project_basys.srcs/sources_1/new/instruction_fetch.vhd:43]
INFO: [Synth 8-256] done synthesizing module 'instruction_fetch' (3#1) [D:/30425/II/craciunas_victor/project_basys/project_basys.srcs/sources_1/new/instruction_fetch.vhd:14]
INFO: [Synth 8-3491] module 'Decode' declared at 'D:/30425/II/craciunas_victor/project_basys/project_basys.srcs/sources_1/new/decode.vhd:8' bound to instance 'instr_decode_inst' of component 'Decode' [D:/30425/II/craciunas_victor/project_basys/project_basys.srcs/sources_1/new/test_env.vhd:149]
INFO: [Synth 8-638] synthesizing module 'Decode' [D:/30425/II/craciunas_victor/project_basys/project_basys.srcs/sources_1/new/decode.vhd:18]
INFO: [Synth 8-3491] module 'register_file' declared at 'D:/30425/II/craciunas_victor/project_basys/project_basys.srcs/sources_1/new/reg_file.vhd:8' bound to instance 'reg_file_inst' of component 'register_file' [D:/30425/II/craciunas_victor/project_basys/project_basys.srcs/sources_1/new/decode.vhd:33]
INFO: [Synth 8-638] synthesizing module 'register_file' [D:/30425/II/craciunas_victor/project_basys/project_basys.srcs/sources_1/new/reg_file.vhd:17]
INFO: [Synth 8-256] done synthesizing module 'register_file' (4#1) [D:/30425/II/craciunas_victor/project_basys/project_basys.srcs/sources_1/new/reg_file.vhd:17]
INFO: [Synth 8-256] done synthesizing module 'Decode' (5#1) [D:/30425/II/craciunas_victor/project_basys/project_basys.srcs/sources_1/new/decode.vhd:18]
INFO: [Synth 8-3491] module 'Control_Unit' declared at 'D:/30425/II/craciunas_victor/project_basys/project_basys.srcs/sources_1/new/control_unit.vhd:7' bound to instance 'main_control_inst' of component 'Control_Unit' [D:/30425/II/craciunas_victor/project_basys/project_basys.srcs/sources_1/new/test_env.vhd:162]
INFO: [Synth 8-638] synthesizing module 'Control_Unit' [D:/30425/II/craciunas_victor/project_basys/project_basys.srcs/sources_1/new/control_unit.vhd:22]
INFO: [Synth 8-256] done synthesizing module 'Control_Unit' (6#1) [D:/30425/II/craciunas_victor/project_basys/project_basys.srcs/sources_1/new/control_unit.vhd:22]
INFO: [Synth 8-3491] module 'Execution_Unit' declared at 'D:/30425/II/craciunas_victor/project_basys/project_basys.srcs/sources_1/new/execution_unit.vhd:7' bound to instance 'exec_unit_inst' of component 'Execution_Unit' [D:/30425/II/craciunas_victor/project_basys/project_basys.srcs/sources_1/new/test_env.vhd:174]
INFO: [Synth 8-638] synthesizing module 'Execution_Unit' [D:/30425/II/craciunas_victor/project_basys/project_basys.srcs/sources_1/new/execution_unit.vhd:21]
WARNING: [Synth 8-614] signal 'ALUOut' is read in the process but is not in the sensitivity list [D:/30425/II/craciunas_victor/project_basys/project_basys.srcs/sources_1/new/execution_unit.vhd:62]
INFO: [Synth 8-256] done synthesizing module 'Execution_Unit' (7#1) [D:/30425/II/craciunas_victor/project_basys/project_basys.srcs/sources_1/new/execution_unit.vhd:21]
INFO: [Synth 8-3491] module 'mem' declared at 'D:/30425/II/craciunas_victor/project_basys/project_basys.srcs/sources_1/new/mem.vhd:6' bound to instance 'mem_unit_inst' of component 'mem' [D:/30425/II/craciunas_victor/project_basys/project_basys.srcs/sources_1/new/test_env.vhd:187]
INFO: [Synth 8-638] synthesizing module 'mem' [D:/30425/II/craciunas_victor/project_basys/project_basys.srcs/sources_1/new/mem.vhd:17]
INFO: [Synth 8-3491] module 'ram' declared at 'D:/30425/II/craciunas_victor/project_basys/project_basys.srcs/sources_1/new/ramm.vhd:6' bound to instance 'ram_inst' of component 'ram' [D:/30425/II/craciunas_victor/project_basys/project_basys.srcs/sources_1/new/mem.vhd:32]
INFO: [Synth 8-638] synthesizing module 'ram' [D:/30425/II/craciunas_victor/project_basys/project_basys.srcs/sources_1/new/ramm.vhd:16]
INFO: [Synth 8-256] done synthesizing module 'ram' (8#1) [D:/30425/II/craciunas_victor/project_basys/project_basys.srcs/sources_1/new/ramm.vhd:16]
INFO: [Synth 8-256] done synthesizing module 'mem' (9#1) [D:/30425/II/craciunas_victor/project_basys/project_basys.srcs/sources_1/new/mem.vhd:17]
WARNING: [Synth 8-614] signal 's_id_out_ext_imm' is read in the process but is not in the sensitivity list [D:/30425/II/craciunas_victor/project_basys/project_basys.srcs/sources_1/new/test_env.vhd:206]
WARNING: [Synth 8-614] signal 's_eu_out_alu_res' is read in the process but is not in the sensitivity list [D:/30425/II/craciunas_victor/project_basys/project_basys.srcs/sources_1/new/test_env.vhd:206]
WARNING: [Synth 8-614] signal 's_mu_out_mem_data' is read in the process but is not in the sensitivity list [D:/30425/II/craciunas_victor/project_basys/project_basys.srcs/sources_1/new/test_env.vhd:206]
WARNING: [Synth 8-614] signal 's_wb_out_wd' is read in the process but is not in the sensitivity list [D:/30425/II/craciunas_victor/project_basys/project_basys.srcs/sources_1/new/test_env.vhd:206]
WARNING: [Synth 8-614] signal 's_id_out_ext_imm' is read in the process but is not in the sensitivity list [D:/30425/II/craciunas_victor/project_basys/project_basys.srcs/sources_1/new/test_env.vhd:220]
WARNING: [Synth 8-614] signal 's_eu_out_alu_res' is read in the process but is not in the sensitivity list [D:/30425/II/craciunas_victor/project_basys/project_basys.srcs/sources_1/new/test_env.vhd:220]
WARNING: [Synth 8-614] signal 's_mu_out_mem_data' is read in the process but is not in the sensitivity list [D:/30425/II/craciunas_victor/project_basys/project_basys.srcs/sources_1/new/test_env.vhd:220]
WARNING: [Synth 8-614] signal 's_wb_out_wd' is read in the process but is not in the sensitivity list [D:/30425/II/craciunas_victor/project_basys/project_basys.srcs/sources_1/new/test_env.vhd:220]
WARNING: [Synth 8-3848] Net led in module/entity test_env does not have driver. [D:/30425/II/craciunas_victor/project_basys/project_basys.srcs/sources_1/new/test_env.vhd:12]
INFO: [Synth 8-256] done synthesizing module 'test_env' (10#1) [D:/30425/II/craciunas_victor/project_basys/project_basys.srcs/sources_1/new/test_env.vhd:18]
WARNING: [Synth 8-3331] design Execution_Unit has unconnected port ALUSrc
WARNING: [Synth 8-3331] design Decode has unconnected port Instr[15]
WARNING: [Synth 8-3331] design Decode has unconnected port Instr[14]
WARNING: [Synth 8-3331] design Decode has unconnected port Instr[13]
WARNING: [Synth 8-3331] design test_env has unconnected port led[15]
WARNING: [Synth 8-3331] design test_env has unconnected port led[14]
WARNING: [Synth 8-3331] design test_env has unconnected port led[13]
WARNING: [Synth 8-3331] design test_env has unconnected port led[12]
WARNING: [Synth 8-3331] design test_env has unconnected port led[11]
WARNING: [Synth 8-3331] design test_env has unconnected port led[10]
WARNING: [Synth 8-3331] design test_env has unconnected port led[9]
WARNING: [Synth 8-3331] design test_env has unconnected port led[8]
WARNING: [Synth 8-3331] design test_env has unconnected port led[7]
WARNING: [Synth 8-3331] design test_env has unconnected port led[6]
WARNING: [Synth 8-3331] design test_env has unconnected port led[5]
WARNING: [Synth 8-3331] design test_env has unconnected port led[4]
WARNING: [Synth 8-3331] design test_env has unconnected port led[3]
WARNING: [Synth 8-3331] design test_env has unconnected port led[2]
WARNING: [Synth 8-3331] design test_env has unconnected port led[1]
WARNING: [Synth 8-3331] design test_env has unconnected port led[0]
WARNING: [Synth 8-3331] design test_env has unconnected port sw[15]
WARNING: [Synth 8-3331] design test_env has unconnected port sw[14]
WARNING: [Synth 8-3331] design test_env has unconnected port sw[13]
WARNING: [Synth 8-3331] design test_env has unconnected port sw[12]
WARNING: [Synth 8-3331] design test_env has unconnected port sw[8]
WARNING: [Synth 8-3331] design test_env has unconnected port sw[7]
WARNING: [Synth 8-3331] design test_env has unconnected port sw[3]
WARNING: [Synth 8-3331] design test_env has unconnected port sw[2]
WARNING: [Synth 8-3331] design test_env has unconnected port sw[1]
WARNING: [Synth 8-3331] design test_env has unconnected port sw[0]
---------------------------------------------------------------------------------
Finished RTL Elaboration : Time (s): cpu = 00:00:03 ; elapsed = 00:00:03 . Memory (MB): peak = 419.395 ; gain = 156.531
---------------------------------------------------------------------------------

Report Check Netlist: 
+------+------------------+-------+---------+-------+------------------+
|      |Item              |Errors |Warnings |Status |Description       |
+------+------------------+-------+---------+-------+------------------+
|1     |multi_driven_nets |      0|        0|Passed |Multi driven nets |
+------+------------------+-------+---------+-------+------------------+
---------------------------------------------------------------------------------
Start Handling Custom Attributes
---------------------------------------------------------------------------------
---------------------------------------------------------------------------------
Finished Handling Custom Attributes : Time (s): cpu = 00:00:03 ; elapsed = 00:00:04 . Memory (MB): peak = 419.395 ; gain = 156.531
---------------------------------------------------------------------------------
---------------------------------------------------------------------------------
Finished RTL Optimization Phase 1 : Time (s): cpu = 00:00:03 ; elapsed = 00:00:04 . Memory (MB): peak = 419.395 ; gain = 156.531
---------------------------------------------------------------------------------
INFO: [Device 21-403] Loading part xc7a35tcpg236-1
INFO: [Project 1-570] Preparing netlist for logic optimization

Processing XDC Constraints
Initializing timing engine
Parsing XDC File [D:/30425/II/craciunas_victor/project_basys/project_basys.srcs/constrs_1/new/constraints.xdc]
WARNING: [Vivado 12-584] No ports matched 'dp'. [D:/30425/II/craciunas_victor/project_basys/project_basys.srcs/constrs_1/new/constraints.xdc:58]
CRITICAL WARNING: [Common 17-55] 'set_property' expects at least one object. [D:/30425/II/craciunas_victor/project_basys/project_basys.srcs/constrs_1/new/constraints.xdc:58]
Resolution: If [get_<value>] was used to populate the object, check to make sure this command returns at least one valid object.
Finished Parsing XDC File [D:/30425/II/craciunas_victor/project_basys/project_basys.srcs/constrs_1/new/constraints.xdc]
INFO: [Project 1-236] Implementation specific constraints were found while reading constraint file [D:/30425/II/craciunas_victor/project_basys/project_basys.srcs/constrs_1/new/constraints.xdc]. These constraints will be ignored for synthesis but will be used in implementation. Impacted constraints are listed in the file [.Xil/test_env_propImpl.xdc].
Resolution: To avoid this warning, move constraints listed in [.Xil/test_env_propImpl.xdc] to another XDC file and exclude this new file from synthesis with the used_in_synthesis property (File Properties dialog in GUI) and re-run elaboration/synthesis.
Netlist sorting complete. Time (s): cpu = 00:00:00 ; elapsed = 00:00:00 . Memory (MB): peak = 738.016 ; gain = 0.000
Completed Processing XDC Constraints

Netlist sorting complete. Time (s): cpu = 00:00:00 ; elapsed = 00:00:00 . Memory (MB): peak = 738.031 ; gain = 0.000
INFO: [Project 1-111] Unisim Transformation Summary:
No Unisim elements were transformed.

Netlist sorting complete. Time (s): cpu = 00:00:00 ; elapsed = 00:00:00 . Memory (MB): peak = 738.031 ; gain = 0.000
Constraint Validation Runtime : Time (s): cpu = 00:00:00 ; elapsed = 00:00:00.003 . Memory (MB): peak = 738.031 ; gain = 0.000
---------------------------------------------------------------------------------
Finished Constraint Validation : Time (s): cpu = 00:00:09 ; elapsed = 00:00:11 . Memory (MB): peak = 738.031 ; gain = 475.168
---------------------------------------------------------------------------------
---------------------------------------------------------------------------------
Start Loading Part and Timing Information
---------------------------------------------------------------------------------
Loading part: xc7a35tcpg236-1
---------------------------------------------------------------------------------
Finished Loading Part and Timing Information : Time (s): cpu = 00:00:09 ; elapsed = 00:00:11 . Memory (MB): peak = 738.031 ; gain = 475.168
---------------------------------------------------------------------------------
---------------------------------------------------------------------------------
Start Applying 'set_property' XDC Constraints
---------------------------------------------------------------------------------
---------------------------------------------------------------------------------
Finished applying 'set_property' XDC Constraints : Time (s): cpu = 00:00:09 ; elapsed = 00:00:11 . Memory (MB): peak = 738.031 ; gain = 475.168
---------------------------------------------------------------------------------
INFO: [Synth 8-5546] ROM "rom" won't be mapped to RAM because it is too sparse
WARNING: [Synth 8-6014] Unused sequential element PC_reg_rep was removed.  [D:/30425/II/craciunas_victor/project_basys/project_basys.srcs/sources_1/new/instruction_fetch.vhd:46]
INFO: [Synth 8-5818] HDL ADVISOR - The operator resource <adder> is shared. To prevent sharing consider applying a KEEP on the output of the operator [D:/30425/II/craciunas_victor/project_basys/project_basys.srcs/sources_1/new/execution_unit.vhd:34]
INFO: [Synth 8-5546] ROM "ZeroOut" won't be mapped to RAM because it is too sparse
---------------------------------------------------------------------------------
Finished RTL Optimization Phase 2 : Time (s): cpu = 00:00:10 ; elapsed = 00:00:12 . Memory (MB): peak = 738.031 ; gain = 475.168
---------------------------------------------------------------------------------

Report RTL Partitions: 
+-+--------------+------------+----------+
| |RTL Partition |Replication |Instances |
+-+--------------+------------+----------+
+-+--------------+------------+----------+
---------------------------------------------------------------------------------
Start RTL Component Statistics 
---------------------------------------------------------------------------------
Detailed RTL Component Info : 
+---Adders : 
	   2 Input     16 Bit       Adders := 2     
	   3 Input     16 Bit       Adders := 1     
+---XORs : 
	   2 Input     16 Bit         XORs := 1     
+---Registers : 
	               16 Bit    Registers := 1     
	                5 Bit    Registers := 3     
+---Muxes : 
	   2 Input     16 Bit        Muxes := 8     
	 257 Input     16 Bit        Muxes := 1     
	   8 Input     16 Bit        Muxes := 1     
	   2 Input      4 Bit        Muxes := 1     
	   4 Input      4 Bit        Muxes := 1     
	   2 Input      3 Bit        Muxes := 1     
	   7 Input      3 Bit        Muxes := 1     
	   8 Input      3 Bit        Muxes := 1     
	   7 Input      1 Bit        Muxes := 7     
	   2 Input      1 Bit        Muxes := 1     
---------------------------------------------------------------------------------
Finished RTL Component Statistics 
---------------------------------------------------------------------------------
---------------------------------------------------------------------------------
Start RTL Hierarchical Component Statistics 
---------------------------------------------------------------------------------
Hierarchical RTL Component report 
Module test_env 
Detailed RTL Component Info : 
+---Muxes : 
	   2 Input     16 Bit        Muxes := 1     
Module mono_pulse_gener 
Detailed RTL Component Info : 
+---Registers : 
	                5 Bit    Registers := 3     
Module ssd 
Detailed RTL Component Info : 
+---Muxes : 
	   2 Input      4 Bit        Muxes := 1     
	   4 Input      4 Bit        Muxes := 1     
Module instruction_fetch 
Detailed RTL Component Info : 
+---Adders : 
	   2 Input     16 Bit       Adders := 1     
+---Registers : 
	               16 Bit    Registers := 1     
+---Muxes : 
	   2 Input     16 Bit        Muxes := 2     
	 257 Input     16 Bit        Muxes := 1     
Module Decode 
Detailed RTL Component Info : 
+---Muxes : 
	   2 Input     16 Bit        Muxes := 2     
	   2 Input      3 Bit        Muxes := 1     
Module Control_Unit 
Detailed RTL Component Info : 
+---Muxes : 
	   7 Input      3 Bit        Muxes := 1     
	   7 Input      1 Bit        Muxes := 7     
Module Execution_Unit 
Detailed RTL Component Info : 
+---Adders : 
	   3 Input     16 Bit       Adders := 1     
	   2 Input     16 Bit       Adders := 1     
+---XORs : 
	   2 Input     16 Bit         XORs := 1     
+---Muxes : 
	   2 Input     16 Bit        Muxes := 3     
	   8 Input     16 Bit        Muxes := 1     
	   8 Input      3 Bit        Muxes := 1     
	   2 Input      1 Bit        Muxes := 1     
---------------------------------------------------------------------------------
Finished RTL Hierarchical Component Statistics
---------------------------------------------------------------------------------
---------------------------------------------------------------------------------
Start Part Resource Summary
---------------------------------------------------------------------------------
Part Resources:
DSPs: 90 (col length:60)
BRAMs: 100 (col length: RAMB18 60 RAMB36 30)
---------------------------------------------------------------------------------
Finished Part Resource Summary
---------------------------------------------------------------------------------
---------------------------------------------------------------------------------
Start Cross Boundary and Area Optimization
---------------------------------------------------------------------------------
Warning: Parallel synthesis criteria is not met 
WARNING: [Synth 8-3331] design test_env has unconnected port led[15]
WARNING: [Synth 8-3331] design test_env has unconnected port led[14]
WARNING: [Synth 8-3331] design test_env has unconnected port led[13]
WARNING: [Synth 8-3331] design test_env has unconnected port led[12]
WARNING: [Synth 8-3331] design test_env has unconnected port led[11]
WARNING: [Synth 8-3331] design test_env has unconnected port led[10]
WARNING: [Synth 8-3331] design test_env has unconnected port led[9]
WARNING: [Synth 8-3331] design test_env has unconnected port led[8]
WARNING: [Synth 8-3331] design test_env has unconnected port led[7]
WARNING: [Synth 8-3331] design test_env has unconnected port led[6]
WARNING: [Synth 8-3331] design test_env has unconnected port led[5]
WARNING: [Synth 8-3331] design test_env has unconnected port led[4]
WARNING: [Synth 8-3331] design test_env has unconnected port led[3]
WARNING: [Synth 8-3331] design test_env has unconnected port led[2]
WARNING: [Synth 8-3331] design test_env has unconnected port led[1]
WARNING: [Synth 8-3331] design test_env has unconnected port led[0]
WARNING: [Synth 8-3331] design test_env has unconnected port sw[15]
WARNING: [Synth 8-3331] design test_env has unconnected port sw[14]
WARNING: [Synth 8-3331] design test_env has unconnected port sw[13]
WARNING: [Synth 8-3331] design test_env has unconnected port sw[12]
WARNING: [Synth 8-3331] design test_env has unconnected port sw[8]
WARNING: [Synth 8-3331] design test_env has unconnected port sw[7]
WARNING: [Synth 8-3331] design test_env has unconnected port sw[3]
WARNING: [Synth 8-3331] design test_env has unconnected port sw[2]
WARNING: [Synth 8-3331] design test_env has unconnected port sw[1]
WARNING: [Synth 8-3331] design test_env has unconnected port sw[0]
---------------------------------------------------------------------------------
Finished Cross Boundary and Area Optimization : Time (s): cpu = 00:00:12 ; elapsed = 00:00:14 . Memory (MB): peak = 738.031 ; gain = 475.168
---------------------------------------------------------------------------------
---------------------------------------------------------------------------------
Start ROM, RAM, DSP and Shift Register Reporting
---------------------------------------------------------------------------------

Distributed RAM: Preliminary Mapping  Report (see note below)
+------------+-------------------------------------------+-----------+----------------------+-----------------+
|Module Name | RTL Object                                | Inference | Size (Depth x Width) | Primitives      | 
+------------+-------------------------------------------+-----------+----------------------+-----------------+
|test_env    | mem_unit_inst/ram_inst/s_ram_reg          | Implied   | 16 x 16              | RAM16X1S x 16   | 
|test_env    | instr_decode_inst/reg_file_inst/myreg_reg | Implied   | 8 x 16               | RAM32M x 6      | 
+------------+-------------------------------------------+-----------+----------------------+-----------------+

Note: The table above is a preliminary report that shows the Distributed RAMs at the current stage of the synthesis flow. Some Distributed RAMs may be reimplemented as non Distributed RAM primitives later in the synthesis flow. Multiple instantiated RAMs are reported only once.
---------------------------------------------------------------------------------
Finished ROM, RAM, DSP and Shift Register Reporting
---------------------------------------------------------------------------------

Report RTL Partitions: 
+-+--------------+------------+----------+
| |RTL Partition |Replication |Instances |
+-+--------------+------------+----------+
+-+--------------+------------+----------+
---------------------------------------------------------------------------------
Start Applying XDC Timing Constraints
---------------------------------------------------------------------------------
---------------------------------------------------------------------------------
Finished Applying XDC Timing Constraints : Time (s): cpu = 00:00:18 ; elapsed = 00:00:20 . Memory (MB): peak = 739.898 ; gain = 477.035
---------------------------------------------------------------------------------
---------------------------------------------------------------------------------
Start Timing Optimization
---------------------------------------------------------------------------------
---------------------------------------------------------------------------------
Finished Timing Optimization : Time (s): cpu = 00:00:20 ; elapsed = 00:00:22 . Memory (MB): peak = 807.414 ; gain = 544.551
---------------------------------------------------------------------------------
---------------------------------------------------------------------------------
Start ROM, RAM, DSP and Shift Register Reporting
---------------------------------------------------------------------------------

Distributed RAM: Final Mapping  Report
+------------+-------------------------------------------+-----------+----------------------+-----------------+
|Module Name | RTL Object                                | Inference | Size (Depth x Width) | Primitives      | 
+------------+-------------------------------------------+-----------+----------------------+-----------------+
|test_env    | mem_unit_inst/ram_inst/s_ram_reg          | Implied   | 16 x 16              | RAM16X1S x 16   | 
|test_env    | instr_decode_inst/reg_file_inst/myreg_reg | Implied   | 8 x 16               | RAM32M x 6      | 
+------------+-------------------------------------------+-----------+----------------------+-----------------+

---------------------------------------------------------------------------------
Finished ROM, RAM, DSP and Shift Register Reporting
---------------------------------------------------------------------------------

Report RTL Partitions: 
+-+--------------+------------+----------+
| |RTL Partition |Replication |Instances |
+-+--------------+------------+----------+
+-+--------------+------------+----------+
---------------------------------------------------------------------------------
Start Technology Mapping
---------------------------------------------------------------------------------
---------------------------------------------------------------------------------
Finished Technology Mapping : Time (s): cpu = 00:00:20 ; elapsed = 00:00:22 . Memory (MB): peak = 807.414 ; gain = 544.551
---------------------------------------------------------------------------------

Report RTL Partitions: 
+-+--------------+------------+----------+
| |RTL Partition |Replication |Instances |
+-+--------------+------------+----------+
+-+--------------+------------+----------+
---------------------------------------------------------------------------------
Start IO Insertion
---------------------------------------------------------------------------------
---------------------------------------------------------------------------------
Start Flattening Before IO Insertion
---------------------------------------------------------------------------------
---------------------------------------------------------------------------------
Finished Flattening Before IO Insertion
---------------------------------------------------------------------------------
---------------------------------------------------------------------------------
Start Final Netlist Cleanup
---------------------------------------------------------------------------------
---------------------------------------------------------------------------------
Finished Final Netlist Cleanup
---------------------------------------------------------------------------------
---------------------------------------------------------------------------------
Finished IO Insertion : Time (s): cpu = 00:00:21 ; elapsed = 00:00:23 . Memory (MB): peak = 807.414 ; gain = 544.551
---------------------------------------------------------------------------------

Report Check Netlist: 
+------+------------------+-------+---------+-------+------------------+
|      |Item              |Errors |Warnings |Status |Description       |
+------+------------------+-------+---------+-------+------------------+
|1     |multi_driven_nets |      0|        0|Passed |Multi driven nets |
+------+------------------+-------+---------+-------+------------------+
---------------------------------------------------------------------------------
Start Renaming Generated Instances
---------------------------------------------------------------------------------
---------------------------------------------------------------------------------
Finished Renaming Generated Instances : Time (s): cpu = 00:00:21 ; elapsed = 00:00:23 . Memory (MB): peak = 807.414 ; gain = 544.551
---------------------------------------------------------------------------------

Report RTL Partitions: 
+-+--------------+------------+----------+
| |RTL Partition |Replication |Instances |
+-+--------------+------------+----------+
+-+--------------+------------+----------+
---------------------------------------------------------------------------------
Start Rebuilding User Hierarchy
---------------------------------------------------------------------------------
---------------------------------------------------------------------------------
Finished Rebuilding User Hierarchy : Time (s): cpu = 00:00:21 ; elapsed = 00:00:23 . Memory (MB): peak = 807.414 ; gain = 544.551
---------------------------------------------------------------------------------
---------------------------------------------------------------------------------
Start Renaming Generated Ports
---------------------------------------------------------------------------------
---------------------------------------------------------------------------------
Finished Renaming Generated Ports : Time (s): cpu = 00:00:21 ; elapsed = 00:00:23 . Memory (MB): peak = 807.414 ; gain = 544.551
---------------------------------------------------------------------------------
---------------------------------------------------------------------------------
Start Handling Custom Attributes
---------------------------------------------------------------------------------
---------------------------------------------------------------------------------
Finished Handling Custom Attributes : Time (s): cpu = 00:00:21 ; elapsed = 00:00:23 . Memory (MB): peak = 807.414 ; gain = 544.551
---------------------------------------------------------------------------------
---------------------------------------------------------------------------------
Start Renaming Generated Nets
---------------------------------------------------------------------------------
---------------------------------------------------------------------------------
Finished Renaming Generated Nets : Time (s): cpu = 00:00:21 ; elapsed = 00:00:23 . Memory (MB): peak = 807.414 ; gain = 544.551
---------------------------------------------------------------------------------
---------------------------------------------------------------------------------
Start Writing Synthesis Report
---------------------------------------------------------------------------------

Report BlackBoxes: 
+-+--------------+----------+
| |BlackBox name |Instances |
+-+--------------+----------+
+-+--------------+----------+

Report Cell Usage: 
+------+---------+------+
|      |Cell     |Count |
+------+---------+------+
|1     |BUFG     |     1|
|2     |CARRY4   |    16|
|3     |LUT1     |    18|
|4     |LUT2     |     3|
|5     |LUT3     |    37|
|6     |LUT4     |    48|
|7     |LUT5     |    38|
|8     |LUT6     |    57|
|9     |MUXF7    |    48|
|10    |MUXF8    |    16|
|11    |RAM16X1S |    16|
|12    |RAM32M   |     6|
|13    |FDCE     |    24|
|14    |FDRE     |    22|
|15    |IBUF     |     9|
|16    |OBUF     |    11|
|17    |OBUFT    |    16|
+------+---------+------+

Report Instance Areas: 
+------+--------------------+------------------+------+
|      |Instance            |Module            |Cells |
+------+--------------------+------------------+------+
|1     |top                 |                  |   386|
|2     |  exec_unit_inst    |Execution_Unit    |     8|
|3     |  fetch             |instruction_fetch |   155|
|4     |  instr_decode_inst |Decode            |   114|
|5     |    reg_file_inst   |register_file     |   114|
|6     |  mem_unit_inst     |mem               |    34|
|7     |    ram_inst        |ram               |    34|
|8     |  mpg               |mono_pulse_gener  |    38|
+------+--------------------+------------------+------+
---------------------------------------------------------------------------------
Finished Writing Synthesis Report : Time (s): cpu = 00:00:21 ; elapsed = 00:00:23 . Memory (MB): peak = 807.414 ; gain = 544.551
---------------------------------------------------------------------------------
Synthesis finished with 0 errors, 0 critical warnings and 27 warnings.
Synthesis Optimization Runtime : Time (s): cpu = 00:00:14 ; elapsed = 00:00:17 . Memory (MB): peak = 807.414 ; gain = 225.914
Synthesis Optimization Complete : Time (s): cpu = 00:00:21 ; elapsed = 00:00:23 . Memory (MB): peak = 807.414 ; gain = 544.551
INFO: [Project 1-571] Translating synthesized netlist
INFO: [Netlist 29-17] Analyzing 102 Unisim elements for replacement
INFO: [Netlist 29-28] Unisim Transformation completed in 0 CPU seconds
INFO: [Project 1-570] Preparing netlist for logic optimization
INFO: [Opt 31-138] Pushed 0 inverter(s) to 0 load pin(s).
Netlist sorting complete. Time (s): cpu = 00:00:00 ; elapsed = 00:00:00.001 . Memory (MB): peak = 807.414 ; gain = 0.000
INFO: [Project 1-111] Unisim Transformation Summary:
  A total of 22 instances were transformed.
  RAM16X1S => RAM32X1S (RAMS32): 16 instances
  RAM32M => RAM32M (RAMD32, RAMD32, RAMD32, RAMD32, RAMD32, RAMD32, RAMS32, RAMS32): 6 instances

INFO: [Common 17-83] Releasing license: Synthesis
44 Infos, 69 Warnings, 1 Critical Warnings and 0 Errors encountered.
synth_design completed successfully
synth_design: Time (s): cpu = 00:00:23 ; elapsed = 00:00:25 . Memory (MB): peak = 807.414 ; gain = 544.551
Netlist sorting complete. Time (s): cpu = 00:00:00 ; elapsed = 00:00:00 . Memory (MB): peak = 807.414 ; gain = 0.000
WARNING: [Constraints 18-5210] No constraints selected for write.
Resolution: This message can indicate that there are no constraints for the design, or it can indicate that the used_in flags are set such that the constraints are ignored. This later case is used when running synth_design to not write synthesis constraints to the resulting checkpoint. Instead, project constraints are read when the synthesized design is opened.
INFO: [Common 17-1381] The checkpoint 'D:/30425/II/craciunas_victor/project_basys/project_basys.runs/synth_1/test_env.dcp' has been generated.
INFO: [runtcl-4] Executing : report_utilization -file test_env_utilization_synth.rpt -pb test_env_utilization_synth.pb
INFO: [Common 17-206] Exiting Vivado at Thu May 23 14:50:01 2024...
